  Building GameAssembly.dll with MsvcWinRtToolChain
  	Msvc Install Version: 16.0
  	Msvc Install SDK Directory: C:\Program Files (x86)\Windows Kits\10
  	Msvc Linker Path: C:\Program Files (x86)\Microsoft Visual Studio\2019\Community\VC\Tools\MSVC\14.29.30133\bin\HostX64\ARM64\link.exe
  	Msvc Compiler Path: C:\Program Files (x86)\Microsoft Visual Studio\2019\Community\VC\Tools\MSVC\14.29.30133\bin\HostX64\ARM64\cl.exe
  
  	Output directory: C:\Boyu Xu\Unity Projects\IndirectRelations\datar-hololens02\0419builds\build\bin\ARM64\Master
  	Cache directory: C:\Boyu Xu\Unity Projects\IndirectRelations\datar-hololens02\0419builds\build\obj\il2cppOutputProject\ARM64\Master
  pch-c.c
  pch-cpp.cpp
  Il2CppInteropDataTable.cpp
  Il2CppGenericInstDefinitions.c
  Il2CppMetadataUsage.c
  Il2CppCCalculateTypeValues.cpp
  GenericMethods7.cpp
  Il2CppGenericMethodPointerTable.cpp
  Il2CppCCalculateTypeValues1.cpp
  Il2CppCCalculateFieldValues2.cpp
  Il2CppCCalculateFieldValues1.cpp
  Il2CppCCalculateFieldValues.cpp
  Generics.cpp
  Il2CppTypeDefinitions.c
  Generics37.cpp
  Il2CppGenericAdjustorThunkTable.cpp
  GenericMethods1.cpp
  GenericMethods2.cpp
  Generics20.cpp
  Il2CppGenericClassTable.c
  Generics27.cpp
  GenericMethods8.cpp
  Generics21.cpp
  Il2CppInvokerTable.cpp
  GenericMethods16.cpp
  Generics36.cpp
  GenericMethods12.cpp
  Generics30.cpp
  GenericMethods15.cpp
  Generics19.cpp
  Generics51.cpp
  Generics98.cpp
  Generics18.cpp
  Generics17.cpp
  GenericMethods6.cpp
  GenericMethods22.cpp
  Assembly-CSharp2.cpp
  GenericMethods.cpp
  Generics16.cpp
  Il2CppCCalculateTypeValues2.cpp
  Generics78.cpp
  Generics99.cpp
  Il2CppPCCWMethods.cpp
  GenericMethods18.cpp
  Generics58.cpp
  GenericMethods17.cpp
  Il2CppCCalculateFieldValues3.cpp
  Generics97.cpp
  Generics15.cpp
  GenericMethods4.cpp
  mscorlib_CodeGen.c
  UniTask.cpp
  Generics88.cpp
  GenericMethods21.cpp
  UniTask1.cpp
C:\Boyu Xu\Unity Projects\IndirectRelations\datar-hololens02\0419builds\Il2CppOutputProject\Source\il2cppOutput\UniTask1.cpp(25169): warning C4717: 'UnityAsyncExtensions_AwaitForAllAssets_m4B935C9F4DDA8BE9F8BCD4FC39DBA80A6A54988A': recursive on all control paths, function will cause runtime stack overflow
  Generics60.cpp
  Generics59.cpp
  Generics84.cpp
  GenericMethods19.cpp
  Generics62.cpp
  Generics8.cpp
  GenericMethods13.cpp
  Il2CppGenericMethodTable.c
  Generics57.cpp
  Unity.TextMeshPro2.cpp
  System5.cpp
  Generics95.cpp
  Assembly-CSharp.cpp
  GenericMethods3.cpp
  Generics55.cpp
  Assembly-CSharp3.cpp
  Il2CppCCWs121.cpp
  GenericMethods14.cpp
  System7.cpp
  Il2CppCCWs105.cpp
  Generics1.cpp
  Microsoft.MixedReality.Toolkit.SDK5.cpp
  Microsoft.MixedReality.Toolkit.SDK1.cpp
  Generics100.cpp
  Microsoft.MixedReality.Toolkit2.cpp
  Generics38.cpp
  Generics94.cpp
  Generics61.cpp
  Microsoft.MixedReality.Toolkit.SDK6.cpp
  Il2CppCCWs122.cpp
  Il2CppCCWs49.cpp
  Generics64.cpp
  Unity.InputSystem.cpp
  System.Xml2.cpp
  Microsoft.MixedReality.Toolkit.SDK7.cpp
  Microsoft.MixedReality.Toolkit1.cpp
  Generics63.cpp
  Unity.InputSystem5.cpp
  Microsoft.MixedReality.Toolkit.SDK3.cpp
  Generics77.cpp
  Generics2.cpp
  Generics23.cpp
  Generics29.cpp
  Microsoft.MixedReality.Toolkit.SDK4.cpp
  Generics96.cpp
  Unity.InputSystem6.cpp
  Unity.InputSystem2.cpp
  Generics14.cpp
  Assembly-CSharp1.cpp
  Il2CppGenericMethodDefinitions.c
  Unity.InputSystem4.cpp
  Microsoft.MixedReality.Toolkit.Services.InputSystem.cpp
  Microsoft.MixedReality.Toolkit3.cpp
  Microsoft.MixedReality.Toolkit4.cpp
  Unity.TextMeshPro.cpp
  System.Xml.cpp
  mscorlib2.cpp
  System.Xml15.cpp
  UnresolvedVirtualCallStubs.cpp
  System6.cpp
  Generics3.cpp
  Generics104.cpp
  Unity.InputSystem3.cpp
  Il2CppCCWs9.cpp
  Generics39.cpp
  Generics106.cpp
  UnityEngine.CoreModule1.cpp
  Generics89.cpp
  Generics22.cpp
  Generics75.cpp
  TiltBrushToolkitRuntime.cpp
  Newtonsoft.Json.cpp
  Generics65.cpp
  mscorlib14.cpp
  Generics105.cpp
  Generics103.cpp
  Generics24.cpp
  Generics7.cpp
  Microsoft.MixedReality.Toolkit.SDK.cpp
  Il2CppCCWs144.cpp
  Generics91.cpp
  Generics90.cpp
  Generics107.cpp
  Generics85.cpp
  Generics6.cpp
  mscorlib9.cpp
  Newtonsoft.Json2.cpp
  System.Xml3.cpp
  Generics101.cpp
  Microsoft.MixedReality.Toolkit.cpp
  UniRx.cpp
  UnityEngine.UI.cpp
  Generics122.cpp
  Generics93.cpp
  Generics119.cpp
  mscorlib23.cpp
  Generics76.cpp
  mscorlib20.cpp
  Newtonsoft.Json4.cpp
  Unity.InputSystem1.cpp
  System.Xml14.cpp
  Generics26.cpp
  System.Core2.cpp
  Generics120.cpp
  UnityEngine.CoreModule.cpp
  Generics25.cpp
  System1.cpp
  Generics4.cpp
  Generics28.cpp
  System.Xml10.cpp
  mscorlib11.cpp
  Generics109.cpp
  System.Data1.cpp
  mscorlib1.cpp
  Generics40.cpp
  Generics108.cpp
  mscorlib7.cpp
  GenericMethods11.cpp
  System.Xml4.cpp
  Microsoft.MixedReality.Toolkit.SDK2.cpp
  Unity.TextMeshPro1.cpp
  Generics41.cpp
  Generics50.cpp
  System.Data2.cpp
  System.Xml8.cpp
  System.Xml13.cpp
  UniRx1.cpp
  System.Xml1.cpp
  Generics44.cpp
  System2.cpp
  System.cpp
  Unity.XR.OpenXR.cpp
  Generics102.cpp
  Newtonsoft.Json1.cpp
  mscorlib.cpp
  Unity.TextMeshPro3.cpp
  System.Core4.cpp
  Generics45.cpp
  System.Xml6.cpp
  System.Xml5.cpp
  mscorlib18.cpp
  Generics5.cpp
  Generics118.cpp
  System.Xml9.cpp
  mscorlib8.cpp
  Generics124.cpp
  Generics13.cpp
  mscorlib19.cpp
  mscorlib3.cpp
  Generics74.cpp
  Generics53.cpp
  Microsoft.MixedReality.Toolkit.Services.InputSimulation.cpp
  System.Data7.cpp
  Generics80.cpp
  System.Core.cpp
  System.Xml7.cpp
  Generics52.cpp
  Generics56.cpp
  mscorlib15.cpp
  mscorlib12.cpp
  mscorlib21.cpp
  System.Data3.cpp
  Generics46.cpp
  System.Core3.cpp
  System.Data5.cpp
  GenericMethods5.cpp
  Generics9.cpp
  GenericMethods9.cpp
  mscorlib10.cpp
  mscorlib16.cpp
  System.Xml_CodeGen.c
  mscorlib4.cpp
  System.Xml11.cpp
  Unity.TextMeshPro4.cpp
  Generics12.cpp
  System.Data4.cpp
  mscorlib22.cpp
  GenericMethods20.cpp
  Generics11.cpp
  UnityEngine.UI2.cpp
  Generics81.cpp
  System.Data6.cpp
  Newtonsoft.Json3.cpp
  Generics54.cpp
  Generics43.cpp
  Generics87.cpp
  Generics83.cpp
  UniTask.Linq1.cpp
  Generics82.cpp
  Generics10.cpp
  System3.cpp
  Unity.InputSystem_Attr.cpp
  Microsoft.MixedReality.OpenXR.cpp
  Generics47.cpp
  Assembly-CSharp4.cpp
  Generics123.cpp
  Generics110.cpp
  System.Core1.cpp
  Microsoft.MixedReality.Toolkit.SDK_Attr.cpp
  Generics48.cpp
  Generics86.cpp
  Generics42.cpp
  mscorlib13.cpp
  System.Xml12.cpp
  Unity.InputSystem7.cpp
  Generics79.cpp
  GenericMethods10.cpp
  Generics111.cpp
  Generics121.cpp
  Generics49.cpp
  mscorlib24.cpp
  mscorlib6.cpp
  Unity.InputSystem_CodeGen.c
  mscorlib5.cpp
  Generics112.cpp
  mscorlib17.cpp
  Generics34.cpp
  System.Data.cpp
  UnityEngine.UI1.cpp
  Generics92.cpp
  GenericMethods23.cpp
  Mono.Security.cpp
  UnityEngine.UI3.cpp
  System.Data8.cpp
  Generics117.cpp
  Generics73.cpp
  Generics35.cpp
  Generics32.cpp
  Generics33.cpp
  Microsoft.MixedReality.Toolkit.Gltf.cpp
  Generics31.cpp
  Generics113.cpp
  Il2CppCCWs132.cpp
  Microsoft.MixedReality.Toolkit_Attr.cpp
  Newtonsoft.Json_Attr.cpp
  Generics125.cpp
  json-ld.net.cpp
  Microsoft.MixedReality.Toolkit.SDK_CodeGen.c
  Generics69.cpp
  UnityEngine.CoreModule_Attr.cpp
  Microsoft.MixedReality.Toolkit.Providers.OpenXR.cpp
  Generics68.cpp
  Generics67.cpp
  Generics70.cpp
  Generics116.cpp
  Generics72.cpp
  Il2CppCCWs125.cpp
  UniTask.Linq_Attr.cpp
  mscorlib_Attr.cpp
  System_CodeGen.c
  Microsoft.MixedReality.Toolkit_CodeGen.c
  Generics71.cpp
  Unity.TextMeshPro5.cpp
  System8.cpp
  Generics66.cpp
  Il2CppCCTypeValuesTable.cpp
  UniTask_CodeGen.c
  Microsoft.MixedReality.Toolkit.Services.InputAnimation.cpp
  Generics114.cpp
  Generics115.cpp
  Il2CppCCWs120.cpp
  System.Core_CodeGen.c
  System.Data_CodeGen.c
  Microsoft.MixedReality.Toolkit.Providers.XRSDK.cpp
  UniRx_CodeGen.c
  Assembly-CSharp_Attr.cpp
  System4.cpp
  UniTask_Attr.cpp
  UniTask.Linq.cpp
  Microsoft.MixedReality.Toolkit.Services.SceneSystem.cpp
  Il2CppCCWs143.cpp
  UnityEngine.CoreModule2.cpp
  System.Numerics.cpp
  Il2CppCCWs134.cpp
  Il2CppCCWs136.cpp
  Il2CppCCWs165.cpp
  WindowsRuntimeMetadata.cpp
  Il2CppCCWs.cpp
  Il2CppCCWs56.cpp
  Il2CppCCWs127.cpp
  Il2CppCCWs135.cpp
  UniTask.Linq_CodeGen.c
  System.Xml.Linq.cpp
  Microsoft.MixedReality.Toolkit.Providers.XRSDK.WindowsMixedReality.cpp
  Il2CppCCWs142.cpp
  Unity.XR.ARSubsystems.cpp
  json-ld.net1.cpp
  UniRx_Attr.cpp
  UnityEngine.CoreModule_CodeGen.c
  Il2CppCCWs96.cpp
  UniTask.TextMeshPro.cpp
  UnityEngine.IMGUIModule.cpp
  System.Runtime.WindowsRuntime.cpp
  Newtonsoft.Json_CodeGen.c
  Microsoft.MixedReality.Toolkit.Providers.WindowsMixedReality.Shared.cpp
  TiltBrushToolkitThirdParty.cpp
  Microsoft.MixedReality.Toolkit.Services.InputSystem1.cpp
  Il2CppCCFieldValuesTable.cpp
  Unity.XR.ARFoundation.cpp
  Microsoft.MixedReality.Toolkit.Extensions.SceneTransitionService.cpp
  UnityEngine.XRModule.cpp
  Microsoft.MixedReality.Toolkit.Services.DiagnosticsSystem.cpp
  Il2CppCCWs154.cpp
  Il2CppCCWs164.cpp
  I18N.cpp
  Il2CppCCWs130.cpp
  Il2CppCCWs37.cpp
  Il2CppCCWs140.cpp
  I18N.CJK.cpp
  Il2CppCCWs35.cpp
  Il2CppCCWs36.cpp
  Assembly-CSharp_CodeGen.c
  Il2CppCCWs159.cpp
  UnityEngine.AndroidJNIModule.cpp
  Il2CppCCWs34.cpp
  Il2CppCCWs137.cpp
  Newtonsoft.Json5.cpp
  Il2CppCCWs158.cpp
  Il2CppCCWs126.cpp
  Il2CppCCWs141.cpp
  Il2CppCCWs57.cpp
  Il2CppCCWs102.cpp
  Microsoft.MixedReality.Toolkit.Providers.WindowsVoiceInput.cpp
  UnityEngine.UnityWebRequestModule.cpp
  Il2CppCCWs163.cpp
  Il2CppCCWs33.cpp
  Il2CppCCWs97.cpp
  Il2CppCCWs153.cpp
  Il2CppCCWs100.cpp
  Il2CppCCWs95.cpp
  Il2CppCCWs38.cpp
  Il2CppCCWs98.cpp
  Unity.XR.OpenXR_Attr.cpp
  Il2CppCCWs146.cpp
  Il2CppCCWs53.cpp
  Il2CppCCWs44.cpp
  UnityEngine.UI_CodeGen.c
  Il2CppCCWs99.cpp
  JsonSubTypes.cpp
  Il2CppCCWs94.cpp
  Il2CppCCWs103.cpp
  Il2CppCCWs139.cpp
  Il2CppCCWs131.cpp
  System.Data9.cpp
  Unity.TextMeshPro_CodeGen.c
  Il2CppCCWs46.cpp
  Il2CppCCWs104.cpp
  Il2CppCCWs54.cpp
  Il2CppCCWs138.cpp
  Il2CppCCWs101.cpp
  Il2CppCCWs145.cpp
  Il2CppCCWs152.cpp
  Il2CppCCWs39.cpp
  I18N.Rare4.cpp
  System.Core_Attr.cpp
  Il2CppCCWs119.cpp
  Il2CppCCWs114.cpp
  char-conversions.cpp
  Il2CppCCWs116.cpp
  Il2CppCCWs41.cpp
  Il2CppCCWs156.cpp
  I18N.Rare2.cpp
  Il2CppCCWs1.cpp
  System_Attr.cpp
  I18N.Rare.cpp
  UniTask2.cpp
  I18N.Rare1.cpp
  Il2CppCCWs115.cpp
  Il2CppCCWs42.cpp
  Il2CppCCWs45.cpp
  Il2CppCCWs43.cpp
  Il2CppCCWs111.cpp
  Il2CppCCWs118.cpp
  Il2CppCCWs150.cpp
  Il2CppCCWs149.cpp
  Il2CppCCWs40.cpp
  I18N.Rare3.cpp
  I18N.West.cpp
  Il2CppCCWs47.cpp
  Il2CppCCWs117.cpp
  Il2CppCCWs8.cpp
  Il2CppCCWs55.cpp
  System.Xml_Attr.cpp
  Il2CppCCWs133.cpp
  Il2CppCCWs6.cpp
  UnityEngine.UI_Attr.cpp
  Il2CppCCWs51.cpp
  I18N.Other.cpp
  Mono.Security1.cpp
  Il2CppCCWs148.cpp
  Il2CppCCWs7.cpp
  I18N.West1.cpp
  Il2CppCCWs157.cpp
  Il2CppCCWs52.cpp
  UnityEngine.PhysicsModule.cpp
  Microsoft.MixedReality.Toolkit.Tools.Runtime.cpp
  Il2CppCCWs155.cpp
  Il2CppCCWs110.cpp
  UnityEngine.TextCoreModule.cpp
  UnityEngine.AnimationModule.cpp
  TiltBrushToolkitRuntime1.cpp
  Il2CppCCWs107.cpp
  Il2CppCCWs5.cpp
  Il2CppCCWs112.cpp
  UnityEngine.TerrainModule.cpp
  Il2CppCCWs106.cpp
  Il2CppCCWs124.cpp
  Il2CppCCWs50.cpp
  Il2CppCCWs109.cpp
  I18N.MidEast.cpp
  UnityEngine.UIModule.cpp
  Il2CppCCWs123.cpp
  Unity.TextMeshPro_Attr.cpp
  System.Data_Attr.cpp
  Il2CppCCWs2.cpp
  Microsoft.MixedReality.OpenXR_Attr.cpp
  UnityEngine.TextRenderingModule.cpp
  Microsoft.MixedReality.Toolkit.Async.cpp
  Microsoft.MixedReality.Toolkit.Services.InputSimulation_Attr.cpp
  Il2CppCCWs160.cpp
  Microsoft.MixedReality.Toolkit.Services.SpatialAwarenessSystem.cpp
  Il2CppCCWs108.cpp
  Microsoft.MixedReality.Toolkit.Services.TeleportSystem.cpp
  Unity.XR.Management.cpp
  Il2CppCCWs128.cpp
  Microsoft.MixedReality.Toolkit.Extensions.HandPhysics.cpp
  UnityEngine.ParticleSystemModule.cpp
  Il2CppCCWs161.cpp
  Il2CppCCWs61.cpp
  Microsoft.MixedReality.Toolkit.Providers.WindowsSceneUnderstanding.cpp
  UnityEngine.AudioModule.cpp
  UnityEngine.SubsystemsModule.cpp
  UnityEngine.PhysicsModule_Attr.cpp
  Microsoft.MixedReality.Toolkit.Demos.Gltf.cpp
  TiltBrushToolkitRuntime_Attr.cpp
  UnityEngine.IMGUIModule_Attr.cpp
  Microsoft.MixedReality.Toolkit.Extensions.Tracking.cpp
  UnityEngine.AnimationModule_Attr.cpp
  UnityEngine.SpatialTracking.cpp
  Microsoft.MixedReality.Toolkit.Services.CameraSystem.cpp
  UnityEngine.Physics2DModule.cpp
  Il2CppCCWs59.cpp
  UnityEngine.SharedInternalsModule.cpp
  UnityEngine.XRModule_Attr.cpp
  Unity.XR.OpenXR_CodeGen.c
  Il2CppCCWs3.cpp
  UnityEngine.ParticleSystemModule_Attr.cpp
  Il2CppCCWs151.cpp
  Microsoft.MixedReality.Toolkit.Services.InputSystem_Attr.cpp
  Microsoft.MixedReality.Toolkit.Services.InputSystem_CodeGen.c
  Il2CppCCWs85.cpp
  Il2CppCCWs113.cpp
  Il2CppCCWs58.cpp
  Il2CppCCWs147.cpp
  Il2CppCCWs74.cpp
  UnityEngine.AudioModule_Attr.cpp
  Il2CppCCWs73.cpp
  UnityEngine.InputLegacyModule.cpp
  UnityEngine.Physics2DModule_Attr.cpp
  Il2CppCCWs84.cpp
  Il2CppCCWs81.cpp
  Il2CppCCWs66.cpp
  TiltBrushToolkitRuntime_CodeGen.c
  Il2CppCCWs92.cpp
  Il2CppCCWs64.cpp
  Il2CppCCWs86.cpp
  Il2CppCCWs83.cpp
  UnityEngine.SharedInternalsModule_Attr.cpp
  Il2CppCCWs62.cpp
  Il2CppCCWs67.cpp
  Il2CppCCWs162.cpp
  Microsoft.MixedReality.OpenXR_CodeGen.c
  UnityEngine.TextCoreModule_Attr.cpp
  UnityEngine.AndroidJNIModule_Attr.cpp
  Il2CppCCWs80.cpp
  WindowsRuntimeMetadata_CodeGen.c
  Il2CppCCWs77.cpp
  Il2CppCCWs65.cpp
  Microsoft.MixedReality.Toolkit.Demos.UX.Interactables.cpp
  Il2CppCCWs72.cpp
  Il2CppCCWs82.cpp
  Il2CppCCWs63.cpp
  Il2CppCCWs68.cpp
  Microsoft.MixedReality.Toolkit.Services.InputAnimation_Attr.cpp
  Il2CppCCWs69.cpp
  UnityEngine.TextRenderingModule_Attr.cpp
  Il2CppCCWs91.cpp
  Il2CppCCWs88.cpp
  UnityEngine.UnityWebRequestModule_Attr.cpp
  Il2CppCCWs71.cpp
  Il2CppCCWs70.cpp
  Unity.XR.ARSubsystems_Attr.cpp
  Il2CppCCWs87.cpp
  UnityEngine.UnityWebRequestWWWModule.cpp
  Microsoft.MixedReality.Toolkit.Services.InputSimulation_CodeGen.c
  UnityEngine.VFXModule_Attr.cpp
  Il2CppCCWs75.cpp
  Il2CppCCWs79.cpp
  Il2CppCCWs60.cpp
  Microsoft.MixedReality.Toolkit.Extensions.SceneTransitionService_Attr.cpp
  Il2CppCCWs89.cpp
  Il2CppCCWs93.cpp
  UnityEngine.UIModule_Attr.cpp
  Il2CppCCWs76.cpp
  UnityEngine.TilemapModule_Attr.cpp
  UnityEngine.VideoModule_Attr.cpp
  Il2CppCCWs90.cpp
  Microsoft.MixedReality.Toolkit.Providers.WindowsSceneUnderstanding_Attr.cpp
  Il2CppCCWs78.cpp
  CSCore.cpp
  UnityEngine.SubsystemsModule_Attr.cpp
  Microsoft.MixedReality.Toolkit.Services.SceneSystem_Attr.cpp
  UnityEngine.TerrainModule_Attr.cpp
  Il2CppCCWs15.cpp
  Mono.Security_CodeGen.c
  Microsoft.MixedReality.Toolkit.Providers.OpenXR_Attr.cpp
  UnityEngine.UnityAnalyticsModule_Attr.cpp
  UnityEngine.UIElementsNativeModule.cpp
  UnityEngine.UnityAnalyticsModule.cpp
  Il2CppCCWs48.cpp
  UnityEngine.UIElementsNativeModule_Attr.cpp
  Il2CppCCWs29.cpp
  Microsoft.MixedReality.Toolkit.Gltf_Attr.cpp
  Unity.XR.OpenXR.Features.MockDriver.cpp
  Il2CppCCWs24.cpp
  UnityEngine.InputLegacyModule_Attr.cpp
  UnityEngine.VRModule_Attr.cpp
  UnityEngine.TilemapModule.cpp
  UnityEngine.AssetBundleModule_Attr.cpp
  UnityEngine.GridModule_Attr.cpp
  Unity.XR.ARSubsystems_CodeGen.c
  UnityEngine.VFXModule.cpp
  Il2CppCCWs20.cpp
  Il2CppCCWs19.cpp
  Il2CppCCWs129.cpp
  Microsoft.MixedReality.Toolkit.Providers.WindowsMixedReality.Shared_Attr.cpp
  UnityEngine.AIModule_Attr.cpp
  Il2CppCCWs28.cpp
  UnityEngine.InputModule_Attr.cpp
  Microsoft.MixedReality.Toolkit.Providers.XRSDK.WindowsMixedReality_Attr.cpp
  UnityEngine.ImageConversionModule_Attr.cpp
  UnityEngine.DirectorModule_Attr.cpp
  Unity.XR.OpenXR.Features.ConformanceAutomation.cpp
  UnityEngine.SpriteShapeModule_Attr.cpp
  Unity.XR.ARFoundation_Attr.cpp
  UnityEngine.JSONSerializeModule_Attr.cpp
  UnityEngine.VideoModule.cpp
  System.Xml.Linq_Attr.cpp
  Il2CppCCWs31.cpp
  Il2CppCCWs22.cpp
  Il2CppCCWs16.cpp
  Il2CppCCWs21.cpp
  Il2CppCCWs23.cpp
  Il2CppCCWs25.cpp
  Il2CppCCWs30.cpp
  Il2CppGenericComDefinitions14.cpp
  Il2CppCCWs17.cpp
  UnityEngine.ARModule_Attr.cpp
  UnityEngine.UnityWebRequestWWWModule_Attr.cpp
  UnityEngine.UnityWebRequestAssetBundleModule_Attr.cpp
  Il2CppCCWs10.cpp
  deflate.c
  Il2CppCCWs14.cpp
  Il2CppCCWs166.cpp
  Il2CppCCWs11.cpp
  Mono.Security_Attr.cpp
  Il2CppCCWs27.cpp
  Il2CppCCWs18.cpp
  Il2CppCCWs26.cpp
  System.Runtime.WindowsRuntime_CodeGen.c
  Microsoft.MixedReality.Toolkit5.cpp
  Il2CppCCWs32.cpp
  Il2CppCCWs12.cpp
  Microsoft.MixedReality.Toolkit.Providers.XRSDK_Attr.cpp
  Il2CppCCWs13.cpp
  Microsoft.MixedReality.Toolkit.Extensions.Tracking_Attr.cpp
  Microsoft.MixedReality.Toolkit.Services.InputAnimation_CodeGen.c
  Microsoft.MixedReality.Toolkit.Async_Attr.cpp
  JsonSubTypes_Attr.cpp
  Microsoft.MixedReality.Toolkit.Providers.WindowsVoiceInput_Attr.cpp
  UnityEngine.InputModule.cpp
  Microsoft.MixedReality.Toolkit.Extensions.HandPhysics_Attr.cpp
  System.Xml.Linq_CodeGen.c
  Unity.XR.Management_Attr.cpp
  System.Runtime.WindowsRuntime_Attr.cpp
  Unity.XR.OpenXR.Features.RuntimeDebugger.cpp
  Microsoft.MixedReality.Toolkit.Services.DiagnosticsSystem_Attr.cpp
  I18N.Rare_CodeGen.c
  UniTask.TextMeshPro_Attr.cpp
  UnityEngine.XRModule_CodeGen.c
  Il2CppCCWs4.cpp
  json-ld.net_CodeGen.c
  Microsoft.MixedReality.Toolkit.Examples.cpp
  UnityEngine.UnityWebRequestAssetBundleModule.cpp
  Microsoft.MixedReality.Toolkit.Services.SceneSystem_CodeGen.c
  UnityEngine.IMGUIModule_CodeGen.c
  UnityEngine.AndroidJNIModule_CodeGen.c
  System.Numerics_CodeGen.c
  I18N.CJK_CodeGen.c
  TiltBrushToolkitThirdParty_Attr.cpp
  UnityEngine.AssetBundleModule.cpp
  System.Configuration.cpp
  Microsoft.MixedReality.Toolkit.Gltf_CodeGen.c
  System.Numerics_Attr.cpp
  UnityEngine.PhysicsModule_CodeGen.c
  inflate.c
  Unity.XR.ARFoundation_CodeGen.c
  System.Configuration_Attr.cpp
  System.Runtime.Serialization_Attr.cpp
  UnityEngine.JSONSerializeModule.cpp
  UnityEngine.VRModule.cpp
  Microsoft.MixedReality.Toolkit.Providers.OpenXR_CodeGen.c
  Microsoft.MixedReality.Toolkit.Extensions.SceneTransitionService_CodeGen.c
  json-ld.net_Attr.cpp
  UnityEngine.TextCoreModule_CodeGen.c
  Microsoft.MixedReality.Toolkit.Demos.Gltf_Attr.cpp
  trees.c
  TiltBrushToolkitThirdParty_CodeGen.c
  Microsoft.MixedReality.Toolkit.Demos.UX.Interactables_Attr.cpp
  UnityEngine.UnityWebRequestModule_CodeGen.c
  Microsoft.MixedReality.Toolkit.Demos.InspectorFields_Attr.cpp
  CSCore_Attr.cpp
  Microsoft.MixedReality.Toolkit.Tools.Runtime_Attr.cpp
  Microsoft.MixedReality.Toolkit.Services.DiagnosticsSystem_CodeGen.c
  System.Numerics.Vectors_Attr.cpp
  Microsoft.MixedReality.Toolkit.Providers.WindowsMixedReality.Shared_CodeGen.c
  UnityEngine.AnimationModule_CodeGen.c
  Microsoft.MixedReality.Toolkit.Providers.XRSDK.WindowsMixedReality_CodeGen.c
  UnityEngine.ParticleSystemModule_CodeGen.c
  Il2CppGenericComDefinitions221.cpp
  UnityEngine.UIModule_CodeGen.c
  xamarin_getifaddrs.c
  UnityEngine.SpatialTracking_Attr.cpp
  UnityEngine.ARModule.cpp
  Microsoft.MixedReality.Toolkit.Services.CameraSystem_Attr.cpp
  Microsoft.MixedReality.Toolkit.Providers.WindowsSceneUnderstanding_CodeGen.c
  I18N_CodeGen.c
  System.Runtime.WindowsRuntime.UI.Xaml.cpp
  System.IO.Compression_Attr.cpp
  Unity.XR.OpenXR.Features.MockDriver_Attr.cpp
  System.Globalization.Extensions_Attr.cpp
  System.Diagnostics.StackTrace_Attr.cpp
  Microsoft.MixedReality.Toolkit.Demos.InspectorFields.cpp
  Microsoft.MixedReality.Toolkit.Services.SpatialAwarenessSystem_Attr.cpp
  System.Runtime.InteropServices.WindowsRuntime_Attr.cpp
  System.Security.Cryptography.Algorithms_Attr.cpp
  System.Security.Cryptography.Primitives_Attr.cpp
  System.Text.RegularExpressions_Attr.cpp
  System.Runtime.Extensions_Attr.cpp
  System.Globalization_Attr.cpp
  System.Text.Encoding_Attr.cpp
  System.Collections_Attr.cpp
  System.ObjectModel_Attr.cpp
  System.Runtime_Attr.cpp
  netstandard_Attr.cpp
  System.Linq_Attr.cpp
  System.IO_Attr.cpp
  UnityEngine.SubsystemsModule_CodeGen.c
  Microsoft.MixedReality.Toolkit.Providers.XRSDK_CodeGen.c
  I18N.West_CodeGen.c
  UnityEngine.AudioModule_CodeGen.c
  System.Runtime.Serialization.cpp
  Microsoft.MixedReality.Toolkit.Services.TeleportSystem_Attr.cpp
  il2cpp-api.cpp
  JsonSubTypes_CodeGen.c
  UnityEngine.AIModule.cpp
  UniTask.TextMeshPro_CodeGen.c
  Microsoft.MixedReality.Toolkit.Providers.WindowsVoiceInput_CodeGen.c
  UnityEngine.DirectorModule.cpp
  WindowsRuntimeMetadata_Attr.cpp
  Microsoft.MixedReality.Toolkit.Async_CodeGen.c
  Unity.XR.Management_CodeGen.c
  I18N.Other_CodeGen.c
  infback.c
  UnityEngine.TextRenderingModule_CodeGen.c
  Il2CppCodeRegistration.cpp
  I18N_Attr.cpp
  gzread.c
C:\Boyu Xu\Unity Projects\IndirectRelations\datar-hololens02\0419builds\Il2CppOutputProject\IL2CPP\external\zlib\gzread.c(319): warning C4267: '=': conversion from 'size_t' to 'unsigned int', possible loss of data
C:\Boyu Xu\Unity Projects\IndirectRelations\datar-hololens02\0419builds\Il2CppOutputProject\IL2CPP\external\zlib\gzread.c(400): warning C4267: '=': conversion from 'size_t' to 'unsigned int', possible loss of data
C:\Boyu Xu\Unity Projects\IndirectRelations\datar-hololens02\0419builds\Il2CppOutputProject\IL2CPP\external\zlib\gzread.c(472): warning C4267: '=': conversion from 'size_t' to 'int', possible loss of data
  UnityEngine.Physics2DModule_CodeGen.c
  gzwrite.c
C:\Boyu Xu\Unity Projects\IndirectRelations\datar-hololens02\0419builds\Il2CppOutputProject\IL2CPP\external\zlib\gzwrite.c(212): warning C4267: '=': conversion from 'size_t' to 'unsigned int', possible loss of data
C:\Boyu Xu\Unity Projects\IndirectRelations\datar-hololens02\0419builds\Il2CppOutputProject\IL2CPP\external\zlib\gzwrite.c(232): warning C4267: '=': conversion from 'size_t' to 'unsigned int', possible loss of data
C:\Boyu Xu\Unity Projects\IndirectRelations\datar-hololens02\0419builds\Il2CppOutputProject\IL2CPP\external\zlib\gzwrite.c(371): warning C4267: '=': conversion from 'size_t' to 'int', possible loss of data
  UnityEngine.SharedInternalsModule_CodeGen.c
  System.Runtime.WindowsRuntime.UI.Xaml_Attr.cpp
  Il2CppGenericComDefinitions103.cpp
  Unity.XR.OpenXR.Features.MockRuntime_Attr.cpp
  gzlib.c
  UnityEngine.TerrainModule_CodeGen.c
  Microsoft.MixedReality.Toolkit.Extensions.HandPhysics_CodeGen.c
  UnityEngine.InputLegacyModule_CodeGen.c
  Microsoft.MixedReality.Toolkit.Examples_Attr.cpp
  I18N.MidEast_Attr.cpp
  I18N.Other_Attr.cpp
  crc32.c
  I18N.Rare_Attr.cpp
  I18N.West_Attr.cpp
  I18N.CJK_Attr.cpp
  Unity.XR.OpenXR.Features.MockRuntime.cpp
  Unity.XR.OpenXR.Features.OculusQuestSupport.cpp
  UnityEngine.SpatialTracking_CodeGen.c
  inftrees.c
  inffast.c
  I18N.MidEast_CodeGen.c
  Microsoft.MixedReality.Toolkit.Services.SpatialAwarenessSystem_CodeGen.c
  Unity.XR.OpenXR.Features.OculusQuestSupport_Attr.cpp
  Unity.XR.OpenXR.Features.ConformanceAutomation_Attr.cpp
  Microsoft.MixedReality.Toolkit.Extensions.Tracking_CodeGen.c
  Unity.XR.OpenXR.Features.RuntimeDebugger_Attr.cpp
  UnityEngine.TilemapModule_CodeGen.c
  UniTask.Addressables_Attr.cpp
  UniTask.DOTween_Attr.cpp
  UnityEngine_Attr.cpp
  Unity.XR.OpenXR.Features.ConformanceAutomation_CodeGen.c
  UnityEngine.ImageConversionModule.cpp
  Il2CppReversePInvokeWrapperTable.cpp
  Microsoft.MixedReality.Toolkit.Services.TeleportSystem_CodeGen.c
  UnityEngine.VideoModule_CodeGen.c
  Unity.XR.OpenXR.Features.MockDriver_CodeGen.c
  CSCore_CodeGen.c
  UnityEngine.VFXModule_CodeGen.c
  UnityEngine.UnityAnalyticsModule_CodeGen.c
  Microsoft.MixedReality.Toolkit.Demos.UX.Interactables_CodeGen.c
  UnityEngine.UIElementsNativeModule_CodeGen.c
  Microsoft.MixedReality.Toolkit.Services.CameraSystem_CodeGen.c
  zutil.c
  UnityEngine.InputModule_CodeGen.c
  System.Configuration_CodeGen.c
  UnityEngine.GridModule.cpp
  UnityEngine.UnityWebRequestWWWModule_CodeGen.c
  Microsoft.MixedReality.Toolkit.Examples_CodeGen.c
  UnityEngine.SpriteShapeModule.cpp
  Microsoft.MixedReality.Toolkit.Demos.Gltf_CodeGen.c
  UnityEngine.UnityWebRequestAssetBundleModule_CodeGen.c
  Unity.XR.OpenXR.Features.RuntimeDebugger_CodeGen.c
  adler32.c
  uncompr.c
  Microsoft.MixedReality.Toolkit.Tools.Runtime_CodeGen.c
  compress.c
  System.Runtime.Serialization_CodeGen.c
  System.Runtime.WindowsRuntime.UI.Xaml_CodeGen.c
  UnityEngine.JSONSerializeModule_CodeGen.c
  UnityEngine.AssetBundleModule_CodeGen.c
  UnityEngine.ARModule_CodeGen.c
  UnityEngine.VRModule_CodeGen.c
  UnityEngine.AIModule_CodeGen.c
  UnityAdsStubs.cpp
  krait_signal_handler.c
  Microsoft.MixedReality.Toolkit.Demos.InspectorFields_CodeGen.c
  UnityEngine.DirectorModule_CodeGen.c
  UnityEngine.ImageConversionModule_CodeGen.c
  Unity.XR.OpenXR.Features.OculusQuestSupport_CodeGen.c
  Unity.XR.OpenXR.Features.MockRuntime_CodeGen.c
  Il2CppMetadataRegistration.c
  UnityEngine.GridModule_CodeGen.c
  netstandard.cpp
  System.Collections.cpp
  System.Diagnostics.StackTrace.cpp
  System.Globalization.cpp
  System.Globalization.Extensions.cpp
  System.IO.Compression.cpp
  System.IO.cpp
  System.Linq.cpp
  System.Numerics.Vectors.cpp
  System.ObjectModel.cpp
  System.Runtime.cpp
  System.Runtime.Extensions.cpp
  Lump_libil2cpp_icalls.cpp
  System.Runtime.InteropServices.WindowsRuntime.cpp
  Lump_libil2cpp_metadata.cpp
  Lump_libil2cpp_utils.cpp
  Lump_libil2cpp_vm-utils.cpp
  System.Runtime.Serialization.Xml.cpp
  System.Security.Cryptography.Algorithms.cpp
  System.Security.Cryptography.Primitives.cpp
  System.Xml.XPath.XDocument.cpp
  System.Text.RegularExpressions.cpp
  System.Text.Encoding.cpp
  UniTask.Addressables.cpp
  UniTask.DOTween.cpp
  UnityEngine.cpp
  System.Runtime.InteropServices.WindowsRuntime_CodeGen.c
  System.Security.Cryptography.Primitives_CodeGen.c
  il2cpp-benchmark-support.cpp
  System.Security.Cryptography.Algorithms_CodeGen.c
  gzclose.c
  Lump_libil2cpp_gc.cpp
  System.Globalization.Extensions_CodeGen.c
  System.Text.RegularExpressions_CodeGen.c
  System.Diagnostics.StackTrace_CodeGen.c
  System.Runtime.Extensions_CodeGen.c
  UnityEngine.SpriteShapeModule_CodeGen.c
  System.Numerics.Vectors_CodeGen.c
  System.IO.Compression_CodeGen.c
  System.Globalization_CodeGen.c
  System.Text.Encoding_CodeGen.c
  UniTask.Addressables_CodeGen.c
  System.Collections_CodeGen.c
  UniTask.DOTween_CodeGen.c
  System.ObjectModel_CodeGen.c
  System.Runtime_CodeGen.c
  netstandard_CodeGen.c
  System.Linq_CodeGen.c
  UnityEngine_CodeGen.c
  gc.c
  System.IO_CodeGen.c
  System.Runtime.Serialization.Xml_CodeGen.c
  System.Xml.XPath.XDocument_CodeGen.c
  System.Runtime.Serialization.Xml_Attr.cpp
  System.Xml.XPath.XDocument_Attr.cpp
  Il2CppGenericComDefinitions.cpp
  Lump_libil2cpp_debugger.cpp
  Il2CppGenericComDefinitions1.cpp
  Il2CppGenericComDefinitions10.cpp
  Lump_libil2cpp_mono.cpp
  Il2CppGenericComDefinitions100.cpp
  Il2CppGenericComDefinitions101.cpp
  Il2CppGenericComDefinitions102.cpp
  Il2CppGenericComDefinitions104.cpp
  Il2CppGenericComDefinitions105.cpp
  Il2CppGenericComDefinitions106.cpp
  Il2CppGenericComDefinitions107.cpp
  Il2CppGenericComDefinitions108.cpp
  Il2CppGenericComDefinitions109.cpp
  Il2CppGenericComDefinitions11.cpp
  Il2CppGenericComDefinitions110.cpp
  Il2CppGenericComDefinitions111.cpp
  Il2CppGenericComDefinitions112.cpp
  Il2CppGenericComDefinitions113.cpp
  Il2CppGenericComDefinitions114.cpp
  Il2CppGenericComDefinitions115.cpp
  Il2CppGenericComDefinitions116.cpp
  Il2CppGenericComDefinitions117.cpp
  Il2CppGenericComDefinitions118.cpp
  Il2CppGenericComDefinitions119.cpp
  Il2CppGenericComDefinitions12.cpp
  Il2CppGenericComDefinitions121.cpp
  Il2CppGenericComDefinitions120.cpp
  Lump_libil2cpp_codegen.cpp
  Il2CppGenericComDefinitions123.cpp
  Il2CppGenericComDefinitions122.cpp
  Il2CppGenericComDefinitions124.cpp
  Il2CppGenericComDefinitions125.cpp
  Il2CppGenericComDefinitions127.cpp
  Il2CppGenericComDefinitions126.cpp
  Il2CppGenericComDefinitions128.cpp
  Il2CppGenericComDefinitions129.cpp
  Il2CppGenericComDefinitions130.cpp
  Il2CppGenericComDefinitions13.cpp
  Il2CppGenericComDefinitions131.cpp
  Il2CppGenericComDefinitions132.cpp
  Il2CppGenericComDefinitions133.cpp
  Il2CppGenericComDefinitions134.cpp
  Il2CppGenericComDefinitions135.cpp
  Il2CppGenericComDefinitions136.cpp
  Il2CppGenericComDefinitions137.cpp
  Il2CppGenericComDefinitions138.cpp
  Il2CppGenericComDefinitions139.cpp
  Il2CppGenericComDefinitions140.cpp
  Il2CppGenericComDefinitions141.cpp
  Il2CppGenericComDefinitions143.cpp
  Il2CppGenericComDefinitions142.cpp
  Il2CppGenericComDefinitions144.cpp
  Il2CppGenericComDefinitions145.cpp
  Il2CppGenericComDefinitions146.cpp
  Il2CppGenericComDefinitions147.cpp
  Il2CppGenericComDefinitions148.cpp
  Il2CppGenericComDefinitions149.cpp
  Il2CppGenericComDefinitions15.cpp
  Il2CppGenericComDefinitions150.cpp
  Il2CppGenericComDefinitions151.cpp
  Il2CppGenericComDefinitions152.cpp
  Il2CppGenericComDefinitions153.cpp
  Il2CppGenericComDefinitions154.cpp
  Lump_libil2cpp_os.cpp
  Il2CppGenericComDefinitions155.cpp
  Il2CppGenericComDefinitions156.cpp
  Il2CppGenericComDefinitions157.cpp
  Il2CppGenericComDefinitions158.cpp
  Il2CppGenericComDefinitions159.cpp
  Il2CppGenericComDefinitions16.cpp
  Il2CppGenericComDefinitions160.cpp
  Il2CppGenericComDefinitions161.cpp
  Il2CppGenericComDefinitions162.cpp
  Il2CppGenericComDefinitions163.cpp
  Il2CppGenericComDefinitions164.cpp
  Il2CppGenericComDefinitions165.cpp
  Il2CppGenericComDefinitions166.cpp
  Il2CppGenericComDefinitions167.cpp
  Il2CppGenericComDefinitions168.cpp
  Il2CppGenericComDefinitions169.cpp
  Il2CppGenericComDefinitions170.cpp
  Il2CppGenericComDefinitions17.cpp
  Il2CppGenericComDefinitions171.cpp
  Il2CppGenericComDefinitions172.cpp
  Il2CppGenericComDefinitions173.cpp
  Il2CppGenericComDefinitions174.cpp
  Il2CppGenericComDefinitions175.cpp
  Il2CppGenericComDefinitions176.cpp
  Il2CppGenericComDefinitions177.cpp
  Il2CppGenericComDefinitions178.cpp
  Il2CppGenericComDefinitions179.cpp
  Il2CppGenericComDefinitions18.cpp
  Il2CppGenericComDefinitions180.cpp
  Il2CppGenericComDefinitions181.cpp
  Il2CppGenericComDefinitions182.cpp
  Il2CppGenericComDefinitions183.cpp
  Il2CppGenericComDefinitions184.cpp
  Il2CppGenericComDefinitions185.cpp
  Il2CppGenericComDefinitions186.cpp
  Il2CppGenericComDefinitions187.cpp
  Il2CppGenericComDefinitions188.cpp
  Il2CppGenericComDefinitions189.cpp
  Il2CppGenericComDefinitions19.cpp
  Il2CppGenericComDefinitions190.cpp
  Il2CppGenericComDefinitions191.cpp
  Il2CppGenericComDefinitions192.cpp
  Il2CppGenericComDefinitions193.cpp
  Il2CppGenericComDefinitions194.cpp
  Il2CppGenericComDefinitions195.cpp
  Il2CppGenericComDefinitions196.cpp
  Lump_libil2cpp_vm.cpp
  Il2CppGenericComDefinitions197.cpp
  Il2CppGenericComDefinitions198.cpp
  Il2CppGenericComDefinitions199.cpp
  Il2CppGenericComDefinitions2.cpp
  Il2CppGenericComDefinitions20.cpp
  Il2CppGenericComDefinitions200.cpp
  Il2CppGenericComDefinitions201.cpp
  Il2CppGenericComDefinitions202.cpp
  Il2CppGenericComDefinitions203.cpp
  Il2CppGenericComDefinitions204.cpp
  Il2CppGenericComDefinitions205.cpp
  Il2CppGenericComDefinitions206.cpp
  Il2CppGenericComDefinitions207.cpp
  Il2CppGenericComDefinitions208.cpp
  Il2CppGenericComDefinitions209.cpp
  Il2CppGenericComDefinitions21.cpp
  Il2CppGenericComDefinitions210.cpp
  Il2CppGenericComDefinitions211.cpp
  Il2CppGenericComDefinitions212.cpp
  Il2CppGenericComDefinitions213.cpp
  Il2CppGenericComDefinitions214.cpp
  Il2CppGenericComDefinitions215.cpp
  Il2CppGenericComDefinitions216.cpp
  Il2CppGenericComDefinitions217.cpp
  Il2CppGenericComDefinitions218.cpp
  Il2CppGenericComDefinitions219.cpp
  Il2CppGenericComDefinitions22.cpp
  Il2CppGenericComDefinitions220.cpp
  Il2CppGenericComDefinitions222.cpp
  Il2CppGenericComDefinitions223.cpp
  Il2CppGenericComDefinitions224.cpp
  Il2CppGenericComDefinitions225.cpp
  Il2CppGenericComDefinitions226.cpp
  Il2CppGenericComDefinitions227.cpp
  Il2CppGenericComDefinitions228.cpp
  Il2CppGenericComDefinitions229.cpp
  Il2CppGenericComDefinitions23.cpp
  Il2CppGenericComDefinitions230.cpp
  Il2CppGenericComDefinitions231.cpp
  Il2CppGenericComDefinitions232.cpp
  Il2CppGenericComDefinitions233.cpp
  Il2CppGenericComDefinitions234.cpp
  Il2CppGenericComDefinitions235.cpp
  Il2CppGenericComDefinitions236.cpp
  Il2CppGenericComDefinitions237.cpp
  Il2CppGenericComDefinitions238.cpp
  Il2CppGenericComDefinitions239.cpp
  Il2CppGenericComDefinitions24.cpp
  Il2CppGenericComDefinitions240.cpp
  Il2CppGenericComDefinitions241.cpp
  Il2CppGenericComDefinitions242.cpp
  Il2CppGenericComDefinitions243.cpp
  Il2CppGenericComDefinitions244.cpp
  Il2CppGenericComDefinitions245.cpp
  Il2CppGenericComDefinitions246.cpp
  Il2CppGenericComDefinitions247.cpp
  Il2CppGenericComDefinitions248.cpp
  Il2CppGenericComDefinitions249.cpp
  Il2CppGenericComDefinitions25.cpp
  Il2CppGenericComDefinitions250.cpp
  Il2CppGenericComDefinitions251.cpp
  Il2CppGenericComDefinitions252.cpp
  Il2CppGenericComDefinitions253.cpp
  Il2CppGenericComDefinitions254.cpp
  Il2CppGenericComDefinitions255.cpp
  Il2CppGenericComDefinitions256.cpp
  Il2CppGenericComDefinitions257.cpp
  Il2CppGenericComDefinitions258.cpp
  Il2CppGenericComDefinitions259.cpp
  Il2CppGenericComDefinitions26.cpp
  Il2CppGenericComDefinitions260.cpp
  Il2CppGenericComDefinitions27.cpp
  Il2CppGenericComDefinitions28.cpp
  Il2CppGenericComDefinitions29.cpp
  Il2CppGenericComDefinitions3.cpp
  Il2CppGenericComDefinitions30.cpp
  Il2CppGenericComDefinitions31.cpp
  Il2CppGenericComDefinitions32.cpp
  Il2CppGenericComDefinitions33.cpp
  Il2CppGenericComDefinitions34.cpp
  Il2CppGenericComDefinitions35.cpp
  Il2CppGenericComDefinitions36.cpp
  Il2CppGenericComDefinitions37.cpp
  Il2CppGenericComDefinitions38.cpp
  Il2CppGenericComDefinitions39.cpp
  Il2CppGenericComDefinitions4.cpp
  Il2CppGenericComDefinitions40.cpp
  Il2CppGenericComDefinitions41.cpp
  Il2CppGenericComDefinitions42.cpp
  Il2CppGenericComDefinitions43.cpp
  Il2CppGenericComDefinitions44.cpp
  Il2CppGenericComDefinitions45.cpp
  Il2CppGenericComDefinitions46.cpp
  Il2CppGenericComDefinitions47.cpp
  Il2CppGenericComDefinitions48.cpp
  Il2CppGenericComDefinitions49.cpp
  Il2CppGenericComDefinitions5.cpp
  Il2CppGenericComDefinitions50.cpp
  Il2CppGenericComDefinitions51.cpp
  Il2CppGenericComDefinitions52.cpp
  Il2CppGenericComDefinitions53.cpp
  Il2CppGenericComDefinitions54.cpp
  Il2CppGenericComDefinitions55.cpp
  Il2CppGenericComDefinitions56.cpp
  Il2CppGenericComDefinitions57.cpp
  Il2CppGenericComDefinitions58.cpp
  Il2CppGenericComDefinitions59.cpp
  Il2CppGenericComDefinitions6.cpp
  Il2CppGenericComDefinitions60.cpp
  Il2CppGenericComDefinitions61.cpp
  Il2CppGenericComDefinitions62.cpp
  Il2CppGenericComDefinitions63.cpp
  Il2CppGenericComDefinitions64.cpp
  Il2CppGenericComDefinitions65.cpp
  Il2CppGenericComDefinitions66.cpp
  Il2CppGenericComDefinitions67.cpp
  Il2CppGenericComDefinitions68.cpp
  Il2CppGenericComDefinitions69.cpp
  Il2CppGenericComDefinitions7.cpp
  Il2CppGenericComDefinitions70.cpp
  Il2CppGenericComDefinitions71.cpp
  Il2CppGenericComDefinitions72.cpp
  Il2CppGenericComDefinitions73.cpp
  Il2CppGenericComDefinitions74.cpp
  Il2CppGenericComDefinitions75.cpp
  Il2CppGenericComDefinitions76.cpp
  Il2CppGenericComDefinitions77.cpp
  Il2CppGenericComDefinitions78.cpp
  Il2CppGenericComDefinitions79.cpp
  Il2CppGenericComDefinitions8.cpp
  Il2CppGenericComDefinitions80.cpp
  Il2CppGenericComDefinitions81.cpp
  Il2CppGenericComDefinitions82.cpp
  Il2CppGenericComDefinitions83.cpp
  Il2CppGenericComDefinitions84.cpp
  Il2CppGenericComDefinitions85.cpp
  Il2CppGenericComDefinitions86.cpp
  Il2CppGenericComDefinitions87.cpp
  Il2CppGenericComDefinitions88.cpp
  Il2CppGenericComDefinitions89.cpp
  Il2CppGenericComDefinitions9.cpp
  Il2CppGenericComDefinitions90.cpp
  Il2CppGenericComDefinitions91.cpp
  Il2CppGenericComDefinitions92.cpp
  Il2CppGenericComDefinitions93.cpp
  Il2CppGenericComDefinitions94.cpp
  Il2CppGenericComDefinitions95.cpp
  Il2CppGenericComDefinitions96.cpp
  Il2CppGenericComDefinitions97.cpp
  Il2CppGenericComDefinitions98.cpp
  Il2CppGenericComDefinitions99.cpp
  il2cpp-runtime-stats.cpp
  ObjectFiles: 1124 of which compiled: 1124
  	Time Compile: 77135 milliseconds Il2CppCCWs9.cpp
  	Time Compile: 66636 milliseconds Il2CppCCWs49.cpp
  	Time Compile: 59762 milliseconds Generics55.cpp
  	Time Compile: 53467 milliseconds Il2CppCCWs105.cpp
  	Time Compile: 40071 milliseconds Unity.TextMeshPro3.cpp
  	Time Compile: 30977 milliseconds Il2CppPCCWMethods.cpp
  	Time Compile: 23478 milliseconds Il2CppInvokerTable.cpp
  	Time Compile: 23424 milliseconds Il2CppCCWs122.cpp
  	Time Compile: 21257 milliseconds Generics51.cpp
  	Time Compile: 20723 milliseconds Generics30.cpp
  Total compilation time: 214982 milliseconds.
  Creating library C:\Boyu Xu\Unity Projects\IndirectRelations\datar-hololens02\0419builds\build\obj\il2cppOutputProject\ARM64\Master\linkresult_667F7A3B23917377CAFB0B02C4C0061F\GameAssembly.lib and object C:\Boyu Xu\Unity Projects\IndirectRelations\datar-hololens02\0419builds\build\obj\il2cppOutputProject\ARM64\Master\linkresult_667F7A3B23917377CAFB0B02C4C0061F\GameAssembly.exp
  Total link time: 24193 milliseconds.
  Cleaned up 2 object files.
